{"/Users/rafaelruizmorales/Documents/Code/React/React-Testing/testing-with-rtl/src/components/App/App.tsx": {"path":"/Users/rafaelruizmorales/Documents/Code/React/React-Testing/testing-with-rtl/src/components/App/App.tsx","all":false,"statementMap":{"0":{"start":{"line":1,"column":0},"end":{"line":1,"column":41}},"1":{"start":{"line":2,"column":0},"end":{"line":2,"column":35}},"2":{"start":{"line":3,"column":0},"end":{"line":3,"column":38}},"3":{"start":{"line":4,"column":0},"end":{"line":4,"column":40}},"5":{"start":{"line":6,"column":0},"end":{"line":6,"column":16}},"7":{"start":{"line":8,"column":0},"end":{"line":8,"column":19}},"8":{"start":{"line":9,"column":0},"end":{"line":9,"column":53}},"9":{"start":{"line":10,"column":0},"end":{"line":10,"column":59}},"10":{"start":{"line":11,"column":0},"end":{"line":11,"column":55}},"11":{"start":{"line":12,"column":0},"end":{"line":12,"column":3}},"13":{"start":{"line":14,"column":0},"end":{"line":14,"column":10}},"14":{"start":{"line":15,"column":0},"end":{"line":15,"column":6}},"15":{"start":{"line":16,"column":0},"end":{"line":16,"column":22}},"16":{"start":{"line":17,"column":0},"end":{"line":17,"column":26}},"17":{"start":{"line":18,"column":0},"end":{"line":18,"column":17}},"18":{"start":{"line":19,"column":0},"end":{"line":19,"column":16}},"19":{"start":{"line":20,"column":0},"end":{"line":20,"column":34}},"20":{"start":{"line":21,"column":0},"end":{"line":21,"column":7}},"22":{"start":{"line":23,"column":0},"end":{"line":23,"column":1}},"24":{"start":{"line":25,"column":0},"end":{"line":25,"column":18}}},"s":{"0":1,"1":1,"2":1,"3":1,"5":1,"7":1,"8":1,"9":1,"10":1,"11":1,"13":1,"14":1,"15":1,"16":1,"17":1,"18":1,"19":1,"20":1,"22":1,"24":1},"branchMap":{"0":{"type":"branch","line":6,"loc":{"start":{"line":6,"column":0},"end":{"line":23,"column":1}},"locations":[{"start":{"line":6,"column":0},"end":{"line":23,"column":1}}]}},"b":{"0":[1]},"fnMap":{"0":{"name":"App","decl":{"start":{"line":6,"column":0},"end":{"line":23,"column":1}},"loc":{"start":{"line":6,"column":0},"end":{"line":23,"column":1}},"line":6}},"f":{"0":1}}
,"/Users/rafaelruizmorales/Documents/Code/React/React-Testing/testing-with-rtl/src/components/Counter/Counter.tsx": {"path":"/Users/rafaelruizmorales/Documents/Code/React/React-Testing/testing-with-rtl/src/components/Counter/Counter.tsx","all":false,"statementMap":{"0":{"start":{"line":1,"column":0},"end":{"line":1,"column":33}},"2":{"start":{"line":3,"column":0},"end":{"line":3,"column":35}},"3":{"start":{"line":4,"column":0},"end":{"line":4,"column":29}},"4":{"start":{"line":5,"column":0},"end":{"line":5,"column":56}},"6":{"start":{"line":7,"column":0},"end":{"line":7,"column":10}},"7":{"start":{"line":8,"column":0},"end":{"line":8,"column":9}},"8":{"start":{"line":9,"column":0},"end":{"line":9,"column":27}},"9":{"start":{"line":10,"column":0},"end":{"line":10,"column":68}},"10":{"start":{"line":11,"column":0},"end":{"line":11,"column":10}},"12":{"start":{"line":13,"column":0},"end":{"line":13,"column":1}}},"s":{"0":1,"2":4,"3":4,"4":4,"6":4,"7":4,"8":4,"9":4,"10":4,"12":4},"branchMap":{"0":{"type":"branch","line":3,"loc":{"start":{"line":3,"column":0},"end":{"line":13,"column":1}},"locations":[{"start":{"line":3,"column":0},"end":{"line":13,"column":1}}]},"1":{"type":"branch","line":10,"loc":{"start":{"line":10,"column":23},"end":{"line":10,"column":50}},"locations":[{"start":{"line":10,"column":23},"end":{"line":10,"column":50}}]}},"b":{"0":[4],"1":[1]},"fnMap":{"0":{"name":"Counter","decl":{"start":{"line":3,"column":0},"end":{"line":13,"column":1}},"loc":{"start":{"line":3,"column":0},"end":{"line":13,"column":1}},"line":3},"1":{"name":"onClick","decl":{"start":{"line":10,"column":23},"end":{"line":10,"column":50}},"loc":{"start":{"line":10,"column":23},"end":{"line":10,"column":50}},"line":10}},"f":{"0":4,"1":1}}
,"/Users/rafaelruizmorales/Documents/Code/React/React-Testing/testing-with-rtl/src/components/Hello/Hello.tsx": {"path":"/Users/rafaelruizmorales/Documents/Code/React/React-Testing/testing-with-rtl/src/components/Hello/Hello.tsx","all":false,"statementMap":{"4":{"start":{"line":5,"column":0},"end":{"line":5,"column":47}},"6":{"start":{"line":7,"column":0},"end":{"line":7,"column":77}},"8":{"start":{"line":9,"column":0},"end":{"line":9,"column":12}},"9":{"start":{"line":10,"column":0},"end":{"line":10,"column":10}},"10":{"start":{"line":11,"column":0},"end":{"line":11,"column":25}},"11":{"start":{"line":12,"column":0},"end":{"line":12,"column":11}},"13":{"start":{"line":14,"column":0},"end":{"line":14,"column":2}},"15":{"start":{"line":16,"column":0},"end":{"line":16,"column":21}}},"s":{"4":1,"6":3,"8":3,"9":3,"10":3,"11":3,"13":3,"15":1},"branchMap":{"0":{"type":"branch","line":5,"loc":{"start":{"line":5,"column":34},"end":{"line":14,"column":2}},"locations":[{"start":{"line":5,"column":34},"end":{"line":14,"column":2}}]},"1":{"type":"branch","line":7,"loc":{"start":{"line":7,"column":25},"end":{"line":7,"column":57}},"locations":[{"start":{"line":7,"column":25},"end":{"line":7,"column":57}}]},"2":{"type":"branch","line":7,"loc":{"start":{"line":7,"column":50},"end":{"line":7,"column":77}},"locations":[{"start":{"line":7,"column":50},"end":{"line":7,"column":77}}]}},"b":{"0":[3],"1":[2],"2":[1]},"fnMap":{"0":{"name":"Hello","decl":{"start":{"line":5,"column":34},"end":{"line":14,"column":2}},"loc":{"start":{"line":5,"column":34},"end":{"line":14,"column":2}},"line":5}},"f":{"0":3}}
,"/Users/rafaelruizmorales/Documents/Code/React/React-Testing/testing-with-rtl/src/components/Todo/TodoItem.tsx": {"path":"/Users/rafaelruizmorales/Documents/Code/React/React-Testing/testing-with-rtl/src/components/Todo/TodoItem.tsx","all":false,"statementMap":{"6":{"start":{"line":7,"column":0},"end":{"line":7,"column":76}},"8":{"start":{"line":9,"column":0},"end":{"line":9,"column":97}},"10":{"start":{"line":11,"column":0},"end":{"line":11,"column":12}},"11":{"start":{"line":12,"column":0},"end":{"line":12,"column":37}},"12":{"start":{"line":13,"column":0},"end":{"line":13,"column":14}},"13":{"start":{"line":14,"column":0},"end":{"line":14,"column":11}},"15":{"start":{"line":16,"column":0},"end":{"line":16,"column":2}},"17":{"start":{"line":18,"column":0},"end":{"line":18,"column":24}}},"s":{"6":1,"8":7,"10":7,"11":7,"12":7,"13":7,"15":7,"17":1},"branchMap":{"0":{"type":"branch","line":7,"loc":{"start":{"line":7,"column":38},"end":{"line":16,"column":2}},"locations":[{"start":{"line":7,"column":38},"end":{"line":16,"column":2}}]},"1":{"type":"branch","line":9,"loc":{"start":{"line":9,"column":17},"end":{"line":9,"column":77}},"locations":[{"start":{"line":9,"column":17},"end":{"line":9,"column":77}}]},"2":{"type":"branch","line":9,"loc":{"start":{"line":9,"column":67},"end":{"line":9,"column":97}},"locations":[{"start":{"line":9,"column":67},"end":{"line":9,"column":97}}]}},"b":{"0":[7],"1":[4],"2":[3]},"fnMap":{"0":{"name":"TodoItem","decl":{"start":{"line":7,"column":38},"end":{"line":16,"column":2}},"loc":{"start":{"line":7,"column":38},"end":{"line":16,"column":2}},"line":7}},"f":{"0":7}}
,"/Users/rafaelruizmorales/Documents/Code/React/React-Testing/testing-with-rtl/src/components/Todo/TodoList.tsx": {"path":"/Users/rafaelruizmorales/Documents/Code/React/React-Testing/testing-with-rtl/src/components/Todo/TodoList.tsx","all":false,"statementMap":{"2":{"start":{"line":3,"column":0},"end":{"line":3,"column":34}},"8":{"start":{"line":9,"column":0},"end":{"line":9,"column":56}},"9":{"start":{"line":10,"column":0},"end":{"line":10,"column":12}},"10":{"start":{"line":11,"column":0},"end":{"line":11,"column":54}},"11":{"start":{"line":12,"column":0},"end":{"line":12,"column":16}},"12":{"start":{"line":13,"column":0},"end":{"line":13,"column":36}},"13":{"start":{"line":14,"column":0},"end":{"line":14,"column":65}},"14":{"start":{"line":15,"column":0},"end":{"line":15,"column":19}},"15":{"start":{"line":16,"column":0},"end":{"line":16,"column":17}},"16":{"start":{"line":17,"column":0},"end":{"line":17,"column":14}},"18":{"start":{"line":19,"column":0},"end":{"line":19,"column":2}},"20":{"start":{"line":21,"column":0},"end":{"line":21,"column":24}}},"s":{"2":1,"8":1,"9":3,"10":3,"11":3,"12":3,"13":4,"14":3,"15":3,"16":3,"18":3,"20":1},"branchMap":{"0":{"type":"branch","line":9,"loc":{"start":{"line":9,"column":42},"end":{"line":19,"column":2}},"locations":[{"start":{"line":9,"column":42},"end":{"line":19,"column":2}}]},"1":{"type":"branch","line":13,"loc":{"start":{"line":13,"column":27},"end":{"line":15,"column":17}},"locations":[{"start":{"line":13,"column":27},"end":{"line":15,"column":17}}]}},"b":{"0":[3],"1":[4]},"fnMap":{"0":{"name":"TodoList","decl":{"start":{"line":9,"column":42},"end":{"line":19,"column":2}},"loc":{"start":{"line":9,"column":42},"end":{"line":19,"column":2}},"line":9}},"f":{"0":3}}
,"/Users/rafaelruizmorales/Documents/Code/React/React-Testing/testing-with-rtl/src/components/Toggle/Toggle.tsx": {"path":"/Users/rafaelruizmorales/Documents/Code/React/React-Testing/testing-with-rtl/src/components/Toggle/Toggle.tsx","all":false,"statementMap":{"0":{"start":{"line":1,"column":0},"end":{"line":1,"column":32}},"2":{"start":{"line":3,"column":0},"end":{"line":3,"column":32}},"4":{"start":{"line":5,"column":0},"end":{"line":5,"column":36}},"5":{"start":{"line":6,"column":0},"end":{"line":6,"column":70}},"7":{"start":{"line":8,"column":0},"end":{"line":8,"column":69}},"8":{"start":{"line":9,"column":0},"end":{"line":9,"column":24}},"9":{"start":{"line":10,"column":0},"end":{"line":10,"column":45}},"10":{"start":{"line":11,"column":0},"end":{"line":11,"column":5}},"12":{"start":{"line":13,"column":0},"end":{"line":13,"column":12}},"13":{"start":{"line":14,"column":0},"end":{"line":14,"column":50}},"14":{"start":{"line":15,"column":0},"end":{"line":15,"column":59}},"15":{"start":{"line":16,"column":0},"end":{"line":16,"column":57}},"16":{"start":{"line":17,"column":0},"end":{"line":17,"column":17}},"17":{"start":{"line":18,"column":0},"end":{"line":18,"column":12}},"19":{"start":{"line":20,"column":0},"end":{"line":20,"column":3}},"21":{"start":{"line":22,"column":0},"end":{"line":22,"column":23}}},"s":{"0":1,"2":1,"4":5,"5":5,"7":5,"8":1,"9":1,"10":1,"12":5,"13":5,"14":5,"15":5,"16":5,"17":5,"19":5,"21":1},"branchMap":{"0":{"type":"branch","line":3,"loc":{"start":{"line":3,"column":25},"end":{"line":20,"column":3}},"locations":[{"start":{"line":3,"column":25},"end":{"line":20,"column":3}}]},"1":{"type":"branch","line":16,"loc":{"start":{"line":16,"column":27},"end":{"line":16,"column":47}},"locations":[{"start":{"line":16,"column":27},"end":{"line":16,"column":47}}]},"2":{"type":"branch","line":16,"loc":{"start":{"line":16,"column":34},"end":{"line":16,"column":57}},"locations":[{"start":{"line":16,"column":34},"end":{"line":16,"column":57}}]},"3":{"type":"branch","line":8,"loc":{"start":{"line":8,"column":24},"end":{"line":11,"column":5}},"locations":[{"start":{"line":8,"column":24},"end":{"line":11,"column":5}}]},"4":{"type":"branch","line":10,"loc":{"start":{"line":10,"column":21},"end":{"line":10,"column":44}},"locations":[{"start":{"line":10,"column":21},"end":{"line":10,"column":44}}]}},"b":{"0":[5],"1":[1],"2":[4],"3":[1],"4":[1]},"fnMap":{"0":{"name":"Toggle","decl":{"start":{"line":3,"column":25},"end":{"line":20,"column":3}},"loc":{"start":{"line":3,"column":25},"end":{"line":20,"column":3}},"line":3},"1":{"name":"handleClick","decl":{"start":{"line":8,"column":24},"end":{"line":11,"column":5}},"loc":{"start":{"line":8,"column":24},"end":{"line":11,"column":5}},"line":8}},"f":{"0":5,"1":1}}
}
